2026-02-04 16:49:02,159 INFO o.a.j.u.JMeterUtils: Setting Locale to en_EN
2026-02-04 16:49:02,196 INFO o.a.j.JMeter: Loading user properties from: D:\apache-jmeter-5.6.3\bin\user.properties
2026-02-04 16:49:02,196 INFO o.a.j.JMeter: Loading system properties from: D:\apache-jmeter-5.6.3\bin\system.properties
2026-02-04 16:49:02,212 INFO o.a.j.JMeter: Copyright (c) 1998-2024 The Apache Software Foundation
2026-02-04 16:49:02,212 INFO o.a.j.JMeter: Version 5.6.3
2026-02-04 16:49:02,212 INFO o.a.j.JMeter: java.version=17.0.12
2026-02-04 16:49:02,212 INFO o.a.j.JMeter: java.vm.name=Java HotSpot(TM) 64-Bit Server VM
2026-02-04 16:49:02,212 INFO o.a.j.JMeter: os.name=Windows 10
2026-02-04 16:49:02,212 INFO o.a.j.JMeter: os.arch=amd64
2026-02-04 16:49:02,265 INFO o.a.j.JMeter: os.version=10.0
2026-02-04 16:49:02,266 INFO o.a.j.JMeter: file.encoding=GBK
2026-02-04 16:49:02,266 INFO o.a.j.JMeter: java.awt.headless=null
2026-02-04 16:49:02,266 INFO o.a.j.JMeter: Max memory     =1073741824
2026-02-04 16:49:02,266 INFO o.a.j.JMeter: Available Processors =8
2026-02-04 16:49:02,284 INFO o.a.j.JMeter: Default Locale=English (EN)
2026-02-04 16:49:02,285 INFO o.a.j.JMeter: JMeter  Locale=English (EN)
2026-02-04 16:49:02,285 INFO o.a.j.JMeter: JMeterHome=D:\apache-jmeter-5.6.3
2026-02-04 16:49:02,285 INFO o.a.j.JMeter: user.dir  =D:\Chaldeas
2026-02-04 16:49:02,285 INFO o.a.j.JMeter: PWD       =D:\Chaldeas
2026-02-04 16:49:02,286 INFO o.a.j.JMeter: IP: 172.30.144.1 Name: LAPTOP-B81083ES FullName: LAPTOP-B81083ES.mshome.net
