2026-02-04 15:25:46,734 INFO o.a.j.u.JMeterUtils: Setting Locale to en_EN
2026-02-04 15:25:46,755 INFO o.a.j.JMeter: Loading user properties from: D:\apache-jmeter-5.6.3\bin\user.properties
2026-02-04 15:25:46,756 INFO o.a.j.JMeter: Loading system properties from: D:\apache-jmeter-5.6.3\bin\system.properties
2026-02-04 15:25:46,766 INFO o.a.j.JMeter: Copyright (c) 1998-2024 The Apache Software Foundation
2026-02-04 15:25:46,766 INFO o.a.j.JMeter: Version 5.6.3
2026-02-04 15:25:46,766 INFO o.a.j.JMeter: java.version=17.0.12
2026-02-04 15:25:46,766 INFO o.a.j.JMeter: java.vm.name=Java HotSpot(TM) 64-Bit Server VM
2026-02-04 15:25:46,766 INFO o.a.j.JMeter: os.name=Windows 10
2026-02-04 15:25:46,766 INFO o.a.j.JMeter: os.arch=amd64
2026-02-04 15:25:46,821 INFO o.a.j.JMeter: os.version=10.0
2026-02-04 15:25:46,821 INFO o.a.j.JMeter: file.encoding=GBK
2026-02-04 15:25:46,821 INFO o.a.j.JMeter: java.awt.headless=true
2026-02-04 15:25:46,821 INFO o.a.j.JMeter: Max memory     =1073741824
2026-02-04 15:25:46,821 INFO o.a.j.JMeter: Available Processors =8
2026-02-04 15:25:46,832 INFO o.a.j.JMeter: Default Locale=English (EN)
2026-02-04 15:25:46,833 INFO o.a.j.JMeter: JMeter  Locale=English (EN)
2026-02-04 15:25:46,833 INFO o.a.j.JMeter: JMeterHome=D:\apache-jmeter-5.6.3
2026-02-04 15:25:46,833 INFO o.a.j.JMeter: user.dir  =D:\Chaldeas
2026-02-04 15:25:46,833 INFO o.a.j.JMeter: PWD       =D:\Chaldeas
2026-02-04 15:25:46,834 INFO o.a.j.JMeter: IP: 172.30.144.1 Name: LAPTOP-B81083ES FullName: LAPTOP-B81083ES.mshome.net
2026-02-04 15:25:46,854 INFO o.a.j.s.FileServer: Default base='D:\Chaldeas'
2026-02-04 15:25:46,857 INFO o.a.j.s.FileServer: Set new base='d:\Chaldeas'
2026-02-04 15:25:47,063 INFO o.a.j.s.SaveService: Testplan (JMX) version: 2.2. Testlog (JTL) version: 2.2
2026-02-04 15:25:47,093 INFO o.a.j.s.SaveService: Using SaveService properties version 5.0
2026-02-04 15:25:47,096 INFO o.a.j.s.SaveService: Using SaveService properties file encoding UTF-8
2026-02-04 15:25:47,099 INFO o.a.j.s.SaveService: Loading file: d:\Chaldeas\seckill-pressure-test.jmx
2026-02-04 15:25:47,207 ERROR o.a.j.JMeter: Error in NonGUIDriver
java.lang.IllegalArgumentException: Problem loading XML from:'d:\Chaldeas\seckill-pressure-test.jmx'. 
Cause:
ClassCastException: class org.apache.jmeter.testelement.TestPlan cannot be cast to class org.apache.jorphan.collections.HashTree (org.apache.jmeter.testelement.TestPlan and org.apache.jorphan.collections.HashTree are in unnamed module of loader org.apache.jmeter.DynamicClassLoader @3b07d329)

 Detail:com.thoughtworks.xstream.converters.ConversionException: 
---- Debugging information ----
cause-exception     : java.lang.ClassCastException
cause-message       : class org.apache.jmeter.testelement.TestPlan cannot be cast to class org.apache.jorphan.collections.HashTree (org.apache.jmeter.testelement.TestPlan and org.apache.jorphan.collections.HashTree are in unnamed module of loader org.apache.jmeter.DynamicClassLoader @3b07d329)
first-jmeter-class  : org.apache.jmeter.save.ScriptWrapperConverter.unmarshal(ScriptWrapperConverter.java:93)
class               : org.apache.jmeter.save.ScriptWrapper
required-type       : org.apache.jmeter.save.ScriptWrapper
converter-type      : org.apache.jmeter.save.ScriptWrapperConverter
path                : /jmeterTestPlan/TestPlan
line number         : 31
version             : 5.6.3
-------------------------------
	at org.apache.jmeter.save.SaveService.readTree(SaveService.java:456) ~[ApacheJMeter_core.jar:5.6.3]
	at org.apache.jmeter.save.SaveService.loadTree(SaveService.java:429) ~[ApacheJMeter_core.jar:5.6.3]
	at org.apache.jmeter.JMeter.runNonGui(JMeter.java:954) [ApacheJMeter_core.jar:5.6.3]
	at org.apache.jmeter.JMeter.startNonGui(JMeter.java:940) [ApacheJMeter_core.jar:5.6.3]
	at org.apache.jmeter.JMeter.start(JMeter.java:508) [ApacheJMeter_core.jar:5.6.3]
	at java.base/jdk.internal.reflect.NativeMethodAccessorImpl.invoke0(Native Method) ~[?:?]
	at java.base/jdk.internal.reflect.NativeMethodAccessorImpl.invoke(NativeMethodAccessorImpl.java:77) ~[?:?]
	at java.base/jdk.internal.reflect.DelegatingMethodAccessorImpl.invoke(DelegatingMethodAccessorImpl.java:43) ~[?:?]
	at java.base/java.lang.reflect.Method.invoke(Method.java:568) ~[?:?]
	at org.apache.jmeter.NewDriver.main(NewDriver.java:259) [ApacheJMeter.jar:5.6.3]
Caused by: com.thoughtworks.xstream.converters.ConversionException: 
---- Debugging information ----
cause-exception     : java.lang.ClassCastException
cause-message       : class org.apache.jmeter.testelement.TestPlan cannot be cast to class org.apache.jorphan.collections.HashTree (org.apache.jmeter.testelement.TestPlan and org.apache.jorphan.collections.HashTree are in unnamed module of loader org.apache.jmeter.DynamicClassLoader @3b07d329)
first-jmeter-class  : org.apache.jmeter.save.ScriptWrapperConverter.unmarshal(ScriptWrapperConverter.java:93)
class               : org.apache.jmeter.save.ScriptWrapper
required-type       : org.apache.jmeter.save.ScriptWrapper
converter-type      : org.apache.jmeter.save.ScriptWrapperConverter
path                : /jmeterTestPlan/TestPlan
line number         : 31
version             : 5.6.3
-------------------------------
	at org.apache.jmeter.save.ScriptWrapperConverter.createConversionException(ScriptWrapperConverter.java:101) ~[ApacheJMeter_core.jar:5.6.3]
	at org.apache.jmeter.save.ScriptWrapperConverter.unmarshal(ScriptWrapperConverter.java:95) ~[ApacheJMeter_core.jar:5.6.3]
	at com.thoughtworks.xstream.core.TreeUnmarshaller.convert(TreeUnmarshaller.java:74) ~[xstream-1.4.20.jar:1.4.20]
	at com.thoughtworks.xstream.core.AbstractReferenceUnmarshaller.convert(AbstractReferenceUnmarshaller.java:72) ~[xstream-1.4.20.jar:1.4.20]
	at com.thoughtworks.xstream.core.TreeUnmarshaller.convertAnother(TreeUnmarshaller.java:68) ~[xstream-1.4.20.jar:1.4.20]
	at com.thoughtworks.xstream.core.TreeUnmarshaller.convertAnother(TreeUnmarshaller.java:52) ~[xstream-1.4.20.jar:1.4.20]
	at com.thoughtworks.xstream.core.TreeUnmarshaller.start(TreeUnmarshaller.java:136) ~[xstream-1.4.20.jar:1.4.20]
	at com.thoughtworks.xstream.core.AbstractTreeMarshallingStrategy.unmarshal(AbstractTreeMarshallingStrategy.java:32) ~[xstream-1.4.20.jar:1.4.20]
	at com.thoughtworks.xstream.XStream.unmarshal(XStream.java:1464) ~[xstream-1.4.20.jar:1.4.20]
	at com.thoughtworks.xstream.XStream.unmarshal(XStream.java:1441) ~[xstream-1.4.20.jar:1.4.20]
	at com.thoughtworks.xstream.XStream.fromXML(XStream.java:1321) ~[xstream-1.4.20.jar:1.4.20]
	at org.apache.jmeter.save.SaveService.readTree(SaveService.java:446) ~[ApacheJMeter_core.jar:5.6.3]
	... 9 more
Caused by: java.lang.ClassCastException: class org.apache.jmeter.testelement.TestPlan cannot be cast to class org.apache.jorphan.collections.HashTree (org.apache.jmeter.testelement.TestPlan and org.apache.jorphan.collections.HashTree are in unnamed module of loader org.apache.jmeter.DynamicClassLoader @3b07d329)
	at org.apache.jmeter.save.ScriptWrapperConverter.unmarshal(ScriptWrapperConverter.java:93) ~[ApacheJMeter_core.jar:5.6.3]
	at com.thoughtworks.xstream.core.TreeUnmarshaller.convert(TreeUnmarshaller.java:74) ~[xstream-1.4.20.jar:1.4.20]
	at com.thoughtworks.xstream.core.AbstractReferenceUnmarshaller.convert(AbstractReferenceUnmarshaller.java:72) ~[xstream-1.4.20.jar:1.4.20]
	at com.thoughtworks.xstream.core.TreeUnmarshaller.convertAnother(TreeUnmarshaller.java:68) ~[xstream-1.4.20.jar:1.4.20]
	at com.thoughtworks.xstream.core.TreeUnmarshaller.convertAnother(TreeUnmarshaller.java:52) ~[xstream-1.4.20.jar:1.4.20]
	at com.thoughtworks.xstream.core.TreeUnmarshaller.start(TreeUnmarshaller.java:136) ~[xstream-1.4.20.jar:1.4.20]
	at com.thoughtworks.xstream.core.AbstractTreeMarshallingStrategy.unmarshal(AbstractTreeMarshallingStrategy.java:32) ~[xstream-1.4.20.jar:1.4.20]
	at com.thoughtworks.xstream.XStream.unmarshal(XStream.java:1464) ~[xstream-1.4.20.jar:1.4.20]
	at com.thoughtworks.xstream.XStream.unmarshal(XStream.java:1441) ~[xstream-1.4.20.jar:1.4.20]
	at com.thoughtworks.xstream.XStream.fromXML(XStream.java:1321) ~[xstream-1.4.20.jar:1.4.20]
	at org.apache.jmeter.save.SaveService.readTree(SaveService.java:446) ~[ApacheJMeter_core.jar:5.6.3]
	... 9 more
2026-02-04 15:25:47,224 ERROR o.a.j.JMeter: An error occurred: 
org.apache.jmeter.report.config.ConfigurationException: Error in NonGUIDriver Problem loading XML from:'d:\Chaldeas\seckill-pressure-test.jmx'. 
Cause:
ClassCastException: class org.apache.jmeter.testelement.TestPlan cannot be cast to class org.apache.jorphan.collections.HashTree (org.apache.jmeter.testelement.TestPlan and org.apache.jorphan.collections.HashTree are in unnamed module of loader org.apache.jmeter.DynamicClassLoader @3b07d329)

 Detail:com.thoughtworks.xstream.converters.ConversionException: 
---- Debugging information ----
cause-exception     : java.lang.ClassCastException
cause-message       : class org.apache.jmeter.testelement.TestPlan cannot be cast to class org.apache.jorphan.collections.HashTree (org.apache.jmeter.testelement.TestPlan and org.apache.jorphan.collections.HashTree are in unnamed module of loader org.apache.jmeter.DynamicClassLoader @3b07d329)
first-jmeter-class  : org.apache.jmeter.save.ScriptWrapperConverter.unmarshal(ScriptWrapperConverter.java:93)
class               : org.apache.jmeter.save.ScriptWrapper
required-type       : org.apache.jmeter.save.ScriptWrapper
converter-type      : org.apache.jmeter.save.ScriptWrapperConverter
path                : /jmeterTestPlan/TestPlan
line number         : 31
version             : 5.6.3
-------------------------------
	at org.apache.jmeter.JMeter.runNonGui(JMeter.java:1049) ~[ApacheJMeter_core.jar:5.6.3]
	at org.apache.jmeter.JMeter.startNonGui(JMeter.java:940) ~[ApacheJMeter_core.jar:5.6.3]
	at org.apache.jmeter.JMeter.start(JMeter.java:508) [ApacheJMeter_core.jar:5.6.3]
	at java.base/jdk.internal.reflect.NativeMethodAccessorImpl.invoke0(Native Method) ~[?:?]
	at java.base/jdk.internal.reflect.NativeMethodAccessorImpl.invoke(NativeMethodAccessorImpl.java:77) ~[?:?]
	at java.base/jdk.internal.reflect.DelegatingMethodAccessorImpl.invoke(DelegatingMethodAccessorImpl.java:43) ~[?:?]
	at java.base/java.lang.reflect.Method.invoke(Method.java:568) ~[?:?]
	at org.apache.jmeter.NewDriver.main(NewDriver.java:259) [ApacheJMeter.jar:5.6.3]
Caused by: java.lang.IllegalArgumentException: Problem loading XML from:'d:\Chaldeas\seckill-pressure-test.jmx'. 
Cause:
ClassCastException: class org.apache.jmeter.testelement.TestPlan cannot be cast to class org.apache.jorphan.collections.HashTree (org.apache.jmeter.testelement.TestPlan and org.apache.jorphan.collections.HashTree are in unnamed module of loader org.apache.jmeter.DynamicClassLoader @3b07d329)

 Detail:com.thoughtworks.xstream.converters.ConversionException: 
---- Debugging information ----
cause-exception     : java.lang.ClassCastException
cause-message       : class org.apache.jmeter.testelement.TestPlan cannot be cast to class org.apache.jorphan.collections.HashTree (org.apache.jmeter.testelement.TestPlan and org.apache.jorphan.collections.HashTree are in unnamed module of loader org.apache.jmeter.DynamicClassLoader @3b07d329)
first-jmeter-class  : org.apache.jmeter.save.ScriptWrapperConverter.unmarshal(ScriptWrapperConverter.java:93)
class               : org.apache.jmeter.save.ScriptWrapper
required-type       : org.apache.jmeter.save.ScriptWrapper
converter-type      : org.apache.jmeter.save.ScriptWrapperConverter
path                : /jmeterTestPlan/TestPlan
line number         : 31
version             : 5.6.3
-------------------------------
	at org.apache.jmeter.save.SaveService.readTree(SaveService.java:456) ~[ApacheJMeter_core.jar:5.6.3]
	at org.apache.jmeter.save.SaveService.loadTree(SaveService.java:429) ~[ApacheJMeter_core.jar:5.6.3]
	at org.apache.jmeter.JMeter.runNonGui(JMeter.java:954) ~[ApacheJMeter_core.jar:5.6.3]
	... 7 more
Caused by: com.thoughtworks.xstream.converters.ConversionException: 
---- Debugging information ----
cause-exception     : java.lang.ClassCastException
cause-message       : class org.apache.jmeter.testelement.TestPlan cannot be cast to class org.apache.jorphan.collections.HashTree (org.apache.jmeter.testelement.TestPlan and org.apache.jorphan.collections.HashTree are in unnamed module of loader org.apache.jmeter.DynamicClassLoader @3b07d329)
first-jmeter-class  : org.apache.jmeter.save.ScriptWrapperConverter.unmarshal(ScriptWrapperConverter.java:93)
class               : org.apache.jmeter.save.ScriptWrapper
required-type       : org.apache.jmeter.save.ScriptWrapper
converter-type      : org.apache.jmeter.save.ScriptWrapperConverter
path                : /jmeterTestPlan/TestPlan
line number         : 31
version             : 5.6.3
-------------------------------
	at org.apache.jmeter.save.ScriptWrapperConverter.createConversionException(ScriptWrapperConverter.java:101) ~[ApacheJMeter_core.jar:5.6.3]
	at org.apache.jmeter.save.ScriptWrapperConverter.unmarshal(ScriptWrapperConverter.java:95) ~[ApacheJMeter_core.jar:5.6.3]
	at com.thoughtworks.xstream.core.TreeUnmarshaller.convert(TreeUnmarshaller.java:74) ~[xstream-1.4.20.jar:1.4.20]
	at com.thoughtworks.xstream.core.AbstractReferenceUnmarshaller.convert(AbstractReferenceUnmarshaller.java:72) ~[xstream-1.4.20.jar:1.4.20]
	at com.thoughtworks.xstream.core.TreeUnmarshaller.convertAnother(TreeUnmarshaller.java:68) ~[xstream-1.4.20.jar:1.4.20]
	at com.thoughtworks.xstream.core.TreeUnmarshaller.convertAnother(TreeUnmarshaller.java:52) ~[xstream-1.4.20.jar:1.4.20]
	at com.thoughtworks.xstream.core.TreeUnmarshaller.start(TreeUnmarshaller.java:136) ~[xstream-1.4.20.jar:1.4.20]
	at com.thoughtworks.xstream.core.AbstractTreeMarshallingStrategy.unmarshal(AbstractTreeMarshallingStrategy.java:32) ~[xstream-1.4.20.jar:1.4.20]
	at com.thoughtworks.xstream.XStream.unmarshal(XStream.java:1464) ~[xstream-1.4.20.jar:1.4.20]
	at com.thoughtworks.xstream.XStream.unmarshal(XStream.java:1441) ~[xstream-1.4.20.jar:1.4.20]
	at com.thoughtworks.xstream.XStream.fromXML(XStream.java:1321) ~[xstream-1.4.20.jar:1.4.20]
	at org.apache.jmeter.save.SaveService.readTree(SaveService.java:446) ~[ApacheJMeter_core.jar:5.6.3]
	at org.apache.jmeter.save.SaveService.loadTree(SaveService.java:429) ~[ApacheJMeter_core.jar:5.6.3]
	at org.apache.jmeter.JMeter.runNonGui(JMeter.java:954) ~[ApacheJMeter_core.jar:5.6.3]
	... 7 more
Caused by: java.lang.ClassCastException: class org.apache.jmeter.testelement.TestPlan cannot be cast to class org.apache.jorphan.collections.HashTree (org.apache.jmeter.testelement.TestPlan and org.apache.jorphan.collections.HashTree are in unnamed module of loader org.apache.jmeter.DynamicClassLoader @3b07d329)
	at org.apache.jmeter.save.ScriptWrapperConverter.unmarshal(ScriptWrapperConverter.java:93) ~[ApacheJMeter_core.jar:5.6.3]
	at com.thoughtworks.xstream.core.TreeUnmarshaller.convert(TreeUnmarshaller.java:74) ~[xstream-1.4.20.jar:1.4.20]
	at com.thoughtworks.xstream.core.AbstractReferenceUnmarshaller.convert(AbstractReferenceUnmarshaller.java:72) ~[xstream-1.4.20.jar:1.4.20]
	at com.thoughtworks.xstream.core.TreeUnmarshaller.convertAnother(TreeUnmarshaller.java:68) ~[xstream-1.4.20.jar:1.4.20]
	at com.thoughtworks.xstream.core.TreeUnmarshaller.convertAnother(TreeUnmarshaller.java:52) ~[xstream-1.4.20.jar:1.4.20]
	at com.thoughtworks.xstream.core.TreeUnmarshaller.start(TreeUnmarshaller.java:136) ~[xstream-1.4.20.jar:1.4.20]
	at com.thoughtworks.xstream.core.AbstractTreeMarshallingStrategy.unmarshal(AbstractTreeMarshallingStrategy.java:32) ~[xstream-1.4.20.jar:1.4.20]
	at com.thoughtworks.xstream.XStream.unmarshal(XStream.java:1464) ~[xstream-1.4.20.jar:1.4.20]
	at com.thoughtworks.xstream.XStream.unmarshal(XStream.java:1441) ~[xstream-1.4.20.jar:1.4.20]
	at com.thoughtworks.xstream.XStream.fromXML(XStream.java:1321) ~[xstream-1.4.20.jar:1.4.20]
	at org.apache.jmeter.save.SaveService.readTree(SaveService.java:446) ~[ApacheJMeter_core.jar:5.6.3]
	at org.apache.jmeter.save.SaveService.loadTree(SaveService.java:429) ~[ApacheJMeter_core.jar:5.6.3]
	at org.apache.jmeter.JMeter.runNonGui(JMeter.java:954) ~[ApacheJMeter_core.jar:5.6.3]
	... 7 more
